<?xml version="1.0" encoding="UTF-8"?>
<!-- Generated by org.testng.reporters.JUnitReportReporter -->
<testsuite hostname="DESKTOP-S1Q52PL" failures="0" tests="3" name="bankTestCases.TC_UserLogin_002" time="0.027" errors="0" timestamp="2023-06-23T18:10:17 IST" skipped="0">
  <testcase classname="bankTestCases.TC_UserLogin_002" name="login" time="0.010"/>
  <system-out/>
  <testcase classname="bankTestCases.TC_UserLogin_002" name="login" time="0.006"/>
  <system-out/>
  <testcase classname="bankTestCases.TC_UserLogin_002" name="login" time="0.011"/>
  <system-out/>
</testsuite> <!-- bankTestCases.TC_UserLogin_002 -->
