<?xml version="1.0" encoding="UTF-8"?>
<!-- Generated by org.testng.reporters.JUnitReportReporter -->
<testsuite hostname="DESKTOP-S1Q52PL" failures="0" tests="1" name="bankTestCases.TC001_Login" time="8.778" errors="0" timestamp="2023-06-29T16:31:08 IST" skipped="0">
  <testcase classname="bankTestCases.TC001_Login" name="testlogin" time="8.778"/>
  <system-out/>
</testsuite> <!-- bankTestCases.TC001_Login -->
